(msg) -> (msg) with (t)

loop_1:
	entry
	t ^= '0
	t += (msg / '2)
	if (((msg / '2) * '2) = msg)
		goto even_1
		else odd_1

stop_20:
	fi !((msg < '5555555))
		from odd_19
		else even_19
	t ^= '0
	exit

odd_19:
	from loop_19
	msg -= (t + '1)
	t -= msg
	msg += '5555555
	goto stop_20

loop_19:
	fi !((msg < '5555555))
		from odd_18
		else even_18
	t += (msg / '2)
	if (((msg / '2) * '2) = msg)
		goto even_19
		else odd_19

odd_18:
	from loop_18
	msg -= (t + '1)
	t -= msg
	msg += '5555555
	goto loop_19

loop_18:
	fi !((msg < '5555555))
		from odd_17
		else even_17
	t += (msg / '2)
	if (((msg / '2) * '2) = msg)
		goto even_18
		else odd_18

odd_17:
	from loop_17
	msg -= (t + '1)
	t -= msg
	msg += '5555555
	goto loop_18

loop_17:
	fi !((msg < '5555555))
		from odd_16
		else even_16
	t += (msg / '2)
	if (((msg / '2) * '2) = msg)
		goto even_17
		else odd_17

odd_16:
	from loop_16
	msg -= (t + '1)
	t -= msg
	msg += '5555555
	goto loop_17

loop_16:
	fi !((msg < '5555555))
		from odd_15
		else even_15
	t += (msg / '2)
	if (((msg / '2) * '2) = msg)
		goto even_16
		else odd_16

odd_15:
	from loop_15
	msg -= (t + '1)
	t -= msg
	msg += '5555555
	goto loop_16

loop_15:
	fi !((msg < '5555555))
		from odd_14
		else even_14
	t += (msg / '2)
	if (((msg / '2) * '2) = msg)
		goto even_15
		else odd_15

odd_14:
	from loop_14
	msg -= (t + '1)
	t -= msg
	msg += '5555555
	goto loop_15

loop_14:
	fi !((msg < '5555555))
		from odd_13
		else even_13
	t += (msg / '2)
	if (((msg / '2) * '2) = msg)
		goto even_14
		else odd_14

odd_13:
	from loop_13
	msg -= (t + '1)
	t -= msg
	msg += '5555555
	goto loop_14

loop_13:
	fi !((msg < '5555555))
		from odd_12
		else even_12
	t += (msg / '2)
	if (((msg / '2) * '2) = msg)
		goto even_13
		else odd_13

odd_12:
	from loop_12
	msg -= (t + '1)
	t -= msg
	msg += '5555555
	goto loop_13

loop_12:
	fi !((msg < '5555555))
		from odd_11
		else even_11
	t += (msg / '2)
	if (((msg / '2) * '2) = msg)
		goto even_12
		else odd_12

odd_11:
	from loop_11
	msg -= (t + '1)
	t -= msg
	msg += '5555555
	goto loop_12

loop_11:
	fi !((msg < '5555555))
		from odd_10
		else even_10
	t += (msg / '2)
	if (((msg / '2) * '2) = msg)
		goto even_11
		else odd_11

odd_10:
	from loop_10
	msg -= (t + '1)
	t -= msg
	msg += '5555555
	goto loop_11

loop_10:
	fi !((msg < '5555555))
		from odd_9
		else even_9
	t += (msg / '2)
	if (((msg / '2) * '2) = msg)
		goto even_10
		else odd_10

odd_9:
	from loop_9
	msg -= (t + '1)
	t -= msg
	msg += '5555555
	goto loop_10

loop_9:
	fi !((msg < '5555555))
		from odd_8
		else even_8
	t += (msg / '2)
	if (((msg / '2) * '2) = msg)
		goto even_9
		else odd_9

odd_8:
	from loop_8
	msg -= (t + '1)
	t -= msg
	msg += '5555555
	goto loop_9

loop_8:
	fi !((msg < '5555555))
		from odd_7
		else even_7
	t += (msg / '2)
	if (((msg / '2) * '2) = msg)
		goto even_8
		else odd_8

odd_7:
	from loop_7
	msg -= (t + '1)
	t -= msg
	msg += '5555555
	goto loop_8

loop_7:
	fi !((msg < '5555555))
		from odd_6
		else even_6
	t += (msg / '2)
	if (((msg / '2) * '2) = msg)
		goto even_7
		else odd_7

odd_6:
	from loop_6
	msg -= (t + '1)
	t -= msg
	msg += '5555555
	goto loop_7

loop_6:
	fi !((msg < '5555555))
		from odd_5
		else even_5
	t += (msg / '2)
	if (((msg / '2) * '2) = msg)
		goto even_6
		else odd_6

odd_5:
	from loop_5
	msg -= (t + '1)
	t -= msg
	msg += '5555555
	goto loop_6

loop_5:
	fi !((msg < '5555555))
		from odd_4
		else even_4
	t += (msg / '2)
	if (((msg / '2) * '2) = msg)
		goto even_5
		else odd_5

odd_4:
	from loop_4
	msg -= (t + '1)
	t -= msg
	msg += '5555555
	goto loop_5

loop_4:
	fi !((msg < '5555555))
		from odd_3
		else even_3
	t += (msg / '2)
	if (((msg / '2) * '2) = msg)
		goto even_4
		else odd_4

odd_3:
	from loop_3
	msg -= (t + '1)
	t -= msg
	msg += '5555555
	goto loop_4

loop_3:
	fi !((msg < '5555555))
		from odd_2
		else even_2
	t += (msg / '2)
	if (((msg / '2) * '2) = msg)
		goto even_3
		else odd_3

odd_2:
	from loop_2
	msg -= (t + '1)
	t -= msg
	msg += '5555555
	goto loop_3

loop_2:
	fi !((msg < '5555555))
		from odd_1
		else even_1
	t += (msg / '2)
	if (((msg / '2) * '2) = msg)
		goto even_2
		else odd_2

odd_1:
	from loop_1
	msg -= (t + '1)
	t -= msg
	msg += '5555555
	goto loop_2

even_1:
	from loop_1
	msg -= t
	t -= msg
	goto loop_2

even_2:
	from loop_2
	msg -= t
	t -= msg
	goto loop_3

even_3:
	from loop_3
	msg -= t
	t -= msg
	goto loop_4

even_4:
	from loop_4
	msg -= t
	t -= msg
	goto loop_5

even_5:
	from loop_5
	msg -= t
	t -= msg
	goto loop_6

even_6:
	from loop_6
	msg -= t
	t -= msg
	goto loop_7

even_7:
	from loop_7
	msg -= t
	t -= msg
	goto loop_8

even_8:
	from loop_8
	msg -= t
	t -= msg
	goto loop_9

even_9:
	from loop_9
	msg -= t
	t -= msg
	goto loop_10

even_10:
	from loop_10
	msg -= t
	t -= msg
	goto loop_11

even_11:
	from loop_11
	msg -= t
	t -= msg
	goto loop_12

even_12:
	from loop_12
	msg -= t
	t -= msg
	goto loop_13

even_13:
	from loop_13
	msg -= t
	t -= msg
	goto loop_14

even_14:
	from loop_14
	msg -= t
	t -= msg
	goto loop_15

even_15:
	from loop_15
	msg -= t
	t -= msg
	goto loop_16

even_16:
	from loop_16
	msg -= t
	t -= msg
	goto loop_17

even_17:
	from loop_17
	msg -= t
	t -= msg
	goto loop_18

even_18:
	from loop_18
	msg -= t
	t -= msg
	goto loop_19

even_19:
	from loop_19
	msg -= t
	t -= msg
	goto stop_20
