(msg) -> (msg) with (t)

init_20:
	entry
	t ^= '0
	t += (msg / '2)
	if (((msg / '2) * '2) = msg)
		goto even_1
		else odd_1

even_1:
	from init_20
	msg -= t
	t -= msg
	goto loop1_1

loop1_1:
	fi !((msg < '5555555))
		from odd_1
		else even_1
	t += (msg / '2)
	if (((msg / '2) * '2) = msg)
		goto even_2
		else odd_2

even_2:
	from loop1_1
	msg -= t
	t -= msg
	goto loop1_2

loop1_2:
	fi !((msg < '5555555))
		from odd_2
		else even_2
	t += (msg / '2)
	if (((msg / '2) * '2) = msg)
		goto even_3
		else odd_3

even_3:
	from loop1_2
	msg -= t
	t -= msg
	goto loop1_3

loop1_3:
	fi !((msg < '5555555))
		from odd_3
		else even_3
	t += (msg / '2)
	if (((msg / '2) * '2) = msg)
		goto even_4
		else odd_4

even_4:
	from loop1_3
	msg -= t
	t -= msg
	goto loop1_4

loop1_4:
	fi !((msg < '5555555))
		from odd_4
		else even_4
	t += (msg / '2)
	if (((msg / '2) * '2) = msg)
		goto even_5
		else odd_5

even_5:
	from loop1_4
	msg -= t
	t -= msg
	goto loop1_5

loop1_5:
	fi !((msg < '5555555))
		from odd_5
		else even_5
	t += (msg / '2)
	if (((msg / '2) * '2) = msg)
		goto even_6
		else odd_6

even_6:
	from loop1_5
	msg -= t
	t -= msg
	goto loop1_6

loop1_6:
	fi !((msg < '5555555))
		from odd_6
		else even_6
	t += (msg / '2)
	if (((msg / '2) * '2) = msg)
		goto even_7
		else odd_7

even_7:
	from loop1_6
	msg -= t
	t -= msg
	goto loop1_7

loop1_7:
	fi !((msg < '5555555))
		from odd_7
		else even_7
	t += (msg / '2)
	if (((msg / '2) * '2) = msg)
		goto even_8
		else odd_8

even_8:
	from loop1_7
	msg -= t
	t -= msg
	goto loop1_8

loop1_8:
	fi !((msg < '5555555))
		from odd_8
		else even_8
	t += (msg / '2)
	if (((msg / '2) * '2) = msg)
		goto even_9
		else odd_9

even_9:
	from loop1_8
	msg -= t
	t -= msg
	goto loop1_9

loop1_9:
	fi !((msg < '5555555))
		from odd_9
		else even_9
	t += (msg / '2)
	if (((msg / '2) * '2) = msg)
		goto even_10
		else odd_10

even_10:
	from loop1_9
	msg -= t
	t -= msg
	goto loop1_10

loop1_10:
	fi !((msg < '5555555))
		from odd_10
		else even_10
	t += (msg / '2)
	if (((msg / '2) * '2) = msg)
		goto even_11
		else odd_11

even_11:
	from loop1_10
	msg -= t
	t -= msg
	goto loop1_11

loop1_11:
	fi !((msg < '5555555))
		from odd_11
		else even_11
	t += (msg / '2)
	if (((msg / '2) * '2) = msg)
		goto even_12
		else odd_12

even_12:
	from loop1_11
	msg -= t
	t -= msg
	goto loop1_12

loop1_12:
	fi !((msg < '5555555))
		from odd_12
		else even_12
	t += (msg / '2)
	if (((msg / '2) * '2) = msg)
		goto even_13
		else odd_13

even_13:
	from loop1_12
	msg -= t
	t -= msg
	goto loop1_13

loop1_13:
	fi !((msg < '5555555))
		from odd_13
		else even_13
	t += (msg / '2)
	if (((msg / '2) * '2) = msg)
		goto even_14
		else odd_14

even_14:
	from loop1_13
	msg -= t
	t -= msg
	goto loop1_14

loop1_14:
	fi !((msg < '5555555))
		from odd_14
		else even_14
	t += (msg / '2)
	if (((msg / '2) * '2) = msg)
		goto even_15
		else odd_15

even_15:
	from loop1_14
	msg -= t
	t -= msg
	goto loop1_15

loop1_15:
	fi !((msg < '5555555))
		from odd_15
		else even_15
	t += (msg / '2)
	if (((msg / '2) * '2) = msg)
		goto even_16
		else odd_16

even_16:
	from loop1_15
	msg -= t
	t -= msg
	goto loop1_16

loop1_16:
	fi !((msg < '5555555))
		from odd_16
		else even_16
	t += (msg / '2)
	if (((msg / '2) * '2) = msg)
		goto even_17
		else odd_17

even_17:
	from loop1_16
	msg -= t
	t -= msg
	goto loop1_17

loop1_17:
	fi !((msg < '5555555))
		from odd_17
		else even_17
	t += (msg / '2)
	if (((msg / '2) * '2) = msg)
		goto even_18
		else odd_18

even_18:
	from loop1_17
	msg -= t
	t -= msg
	goto loop1_18

loop1_18:
	fi !((msg < '5555555))
		from odd_18
		else even_18
	t += (msg / '2)
	if (((msg / '2) * '2) = msg)
		goto even_19
		else odd_19

even_19:
	from loop1_18
	msg -= t
	t -= msg
	goto loop1_19

loop1_19:
	fi !((msg < '5555555))
		from odd_19
		else even_19
	t ^= '0
	exit

odd_19:
	from loop1_18
	msg -= (t + '1)
	t -= msg
	msg += '5555555
	goto loop1_19

odd_18:
	from loop1_17
	msg -= (t + '1)
	t -= msg
	msg += '5555555
	goto loop1_18

odd_17:
	from loop1_16
	msg -= (t + '1)
	t -= msg
	msg += '5555555
	goto loop1_17

odd_16:
	from loop1_15
	msg -= (t + '1)
	t -= msg
	msg += '5555555
	goto loop1_16

odd_15:
	from loop1_14
	msg -= (t + '1)
	t -= msg
	msg += '5555555
	goto loop1_15

odd_14:
	from loop1_13
	msg -= (t + '1)
	t -= msg
	msg += '5555555
	goto loop1_14

odd_13:
	from loop1_12
	msg -= (t + '1)
	t -= msg
	msg += '5555555
	goto loop1_13

odd_12:
	from loop1_11
	msg -= (t + '1)
	t -= msg
	msg += '5555555
	goto loop1_12

odd_11:
	from loop1_10
	msg -= (t + '1)
	t -= msg
	msg += '5555555
	goto loop1_11

odd_10:
	from loop1_9
	msg -= (t + '1)
	t -= msg
	msg += '5555555
	goto loop1_10

odd_9:
	from loop1_8
	msg -= (t + '1)
	t -= msg
	msg += '5555555
	goto loop1_9

odd_8:
	from loop1_7
	msg -= (t + '1)
	t -= msg
	msg += '5555555
	goto loop1_8

odd_7:
	from loop1_6
	msg -= (t + '1)
	t -= msg
	msg += '5555555
	goto loop1_7

odd_6:
	from loop1_5
	msg -= (t + '1)
	t -= msg
	msg += '5555555
	goto loop1_6

odd_5:
	from loop1_4
	msg -= (t + '1)
	t -= msg
	msg += '5555555
	goto loop1_5

odd_4:
	from loop1_3
	msg -= (t + '1)
	t -= msg
	msg += '5555555
	goto loop1_4

odd_3:
	from loop1_2
	msg -= (t + '1)
	t -= msg
	msg += '5555555
	goto loop1_3

odd_2:
	from loop1_1
	msg -= (t + '1)
	t -= msg
	msg += '5555555
	goto loop1_2

odd_1:
	from init_20
	msg -= (t + '1)
	t -= msg
	msg += '5555555
	goto loop1_1
