(n raise) -> (nums seed) with (tmp)

init_1:
	entry
	nums ^= raise
	if (n = '0)
		goto stop_1_2
		else loop_1_2

stop_1_2:
	fi nums
		from loop_1_215
		else init_1
	n ^= '0
	seed <- '(one.(nil.(nil.(one.nil))))
	goto stop_x1_3_244

stop_x1_3_244:
	fi (seed = '(one.(nil.(nil.(one.nil)))))
		from stop_1_2
		else stop_x2_3_244
	goto stop_x1_7_244

stop_x1_7_244:
	fi (((seed = '(one.(nil.(nil.(one.nil))))) || (seed = '(nil.(nil.(one.(one.nil)))))) || (seed = '(nil.(one.(one.(nil.nil))))))
		from stop_x1_3_244
		else stop_x4_7_244
	goto stop_x1_15_244

stop_x1_15_244:
	fi (((((((seed = '(one.(nil.(nil.(one.nil))))) || (seed = '(nil.(nil.(one.(one.nil)))))) || (seed = '(nil.(one.(one.(nil.nil)))))) || (seed = '(one.(one.(nil.(one.nil)))))) || (seed = '(one.(nil.(one.(nil.nil)))))) || (seed = '(nil.(one.(nil.(one.nil)))))) || (seed = '(one.(nil.(one.(one.nil))))))
		from stop_x1_7_244
		else stop_x8_15_244
	exit

loop_1_2:
	fi nums
		from loop_1_215
		else init_1
	tmp <- '(one.(nil.(nil.(one.nil))))
	nums <- (tmp . nums)
	n -= '1
	if (n = '0)
		goto stop_1_19
		else loop_1_19

stop_1_19:
	from loop_1_2
	assert(nums)
	n ^= '0
	seed <- '(nil.(nil.(one.(one.nil))))
	goto stop_x2_3_244

stop_x2_3_244:
	fi (seed = '(nil.(nil.(one.(one.nil)))))
		from stop_1_19
		else stop_1_33
	goto stop_x1_3_244

loop_1_19:
	from loop_1_2
	assert(nums)
	tmp <- '(nil.(nil.(one.(one.nil))))
	nums <- (tmp . nums)
	n -= '1
	if (n = '0)
		goto stop_1_33
		else loop_1_33

stop_1_33:
	from loop_1_19
	assert(nums)
	n ^= '0
	seed <- '(nil.(one.(one.(nil.nil))))
	goto stop_x2_3_244

loop_1_33:
	from loop_1_19
	assert(nums)
	tmp <- '(nil.(one.(one.(nil.nil))))
	nums <- (tmp . nums)
	n -= '1
	if (n = '0)
		goto stop_1_50
		else loop_1_50

stop_1_50:
	from loop_1_33
	assert(nums)
	n ^= '0
	seed <- '(one.(one.(nil.(one.nil))))
	goto stop_x4_5_244

stop_x4_5_244:
	fi (seed = '(one.(one.(nil.(one.nil)))))
		from stop_1_50
		else stop_1_67
	goto stop_x4_7_244

stop_x4_7_244:
	fi ((seed = '(one.(one.(nil.(one.nil))))) || (seed = '(one.(nil.(one.(nil.nil))))))
		from stop_x4_5_244
		else stop_x6_7_244
	goto stop_x1_7_244

loop_1_50:
	from loop_1_33
	assert(nums)
	tmp <- '(one.(one.(nil.(one.nil))))
	nums <- (tmp . nums)
	n -= '1
	if (n = '0)
		goto stop_1_67
		else loop_1_67

stop_1_67:
	from loop_1_50
	assert(nums)
	n ^= '0
	seed <- '(one.(nil.(one.(nil.nil))))
	goto stop_x4_5_244

loop_1_67:
	from loop_1_50
	assert(nums)
	tmp <- '(one.(nil.(one.(nil.nil))))
	nums <- (tmp . nums)
	n -= '1
	if (n = '0)
		goto stop_1_82
		else loop_1_82

stop_1_82:
	from loop_1_67
	assert(nums)
	n ^= '0
	seed <- '(nil.(one.(nil.(one.nil))))
	goto stop_x6_7_244

stop_x6_7_244:
	fi (seed = '(nil.(one.(nil.(one.nil)))))
		from stop_1_82
		else stop_1_98
	goto stop_x4_7_244

loop_1_82:
	from loop_1_67
	assert(nums)
	tmp <- '(nil.(one.(nil.(one.nil))))
	nums <- (tmp . nums)
	n -= '1
	if (n = '0)
		goto stop_1_98
		else loop_1_98

stop_1_98:
	from loop_1_82
	assert(nums)
	n ^= '0
	seed <- '(one.(nil.(one.(one.nil))))
	goto stop_x6_7_244

loop_1_98:
	from loop_1_82
	assert(nums)
	tmp <- '(one.(nil.(one.(one.nil))))
	nums <- (tmp . nums)
	n -= '1
	if (n = '0)
		goto stop_1_115
		else loop_1_115

stop_1_115:
	from loop_1_98
	assert(nums)
	n ^= '0
	seed <- '(nil.(one.(one.(one.nil))))
	goto stop_x8_9_244

stop_x8_9_244:
	fi (seed = '(nil.(one.(one.(one.nil)))))
		from stop_1_115
		else stop_1_132
	goto stop_x8_11_244

stop_x8_11_244:
	fi ((seed = '(nil.(one.(one.(one.nil))))) || (seed = '(one.(one.(one.(one.nil))))))
		from stop_x8_9_244
		else stop_x10_11_244
	goto stop_x8_15_244

stop_x8_15_244:
	fi ((((seed = '(nil.(one.(one.(one.nil))))) || (seed = '(one.(one.(one.(one.nil)))))) || (seed = '(one.(one.(one.(nil.nil)))))) || (seed = '(one.(one.(nil.(nil.nil))))))
		from stop_x8_11_244
		else stop_x12_15_244
	goto stop_x1_15_244

loop_1_115:
	from loop_1_98
	assert(nums)
	tmp <- '(nil.(one.(one.(one.nil))))
	nums <- (tmp . nums)
	n -= '1
	if (n = '0)
		goto stop_1_132
		else loop_1_132

stop_1_132:
	from loop_1_115
	assert(nums)
	n ^= '0
	seed <- '(one.(one.(one.(one.nil))))
	goto stop_x8_9_244

loop_1_132:
	from loop_1_115
	assert(nums)
	tmp <- '(one.(one.(one.(one.nil))))
	nums <- (tmp . nums)
	n -= '1
	if (n = '0)
		goto stop_1_145
		else loop_1_145

stop_1_145:
	from loop_1_132
	assert(nums)
	n ^= '0
	seed <- '(one.(one.(one.(nil.nil))))
	goto stop_x10_11_244

stop_x10_11_244:
	fi (seed = '(one.(one.(one.(nil.nil)))))
		from stop_1_145
		else stop_1_158
	goto stop_x8_11_244

loop_1_145:
	from loop_1_132
	assert(nums)
	tmp <- '(one.(one.(one.(nil.nil))))
	nums <- (tmp . nums)
	n -= '1
	if (n = '0)
		goto stop_1_158
		else loop_1_158

stop_1_158:
	from loop_1_145
	assert(nums)
	n ^= '0
	seed <- '(one.(one.(nil.(nil.nil))))
	goto stop_x10_11_244

loop_1_158:
	from loop_1_145
	assert(nums)
	tmp <- '(one.(one.(nil.(nil.nil))))
	nums <- (tmp . nums)
	n -= '1
	if (n = '0)
		goto stop_1_173
		else loop_1_173

stop_1_173:
	from loop_1_158
	assert(nums)
	n ^= '0
	seed <- '(one.(nil.(nil.(nil.nil))))
	goto stop_x12_13_244

stop_x12_13_244:
	fi (seed = '(one.(nil.(nil.(nil.nil)))))
		from stop_1_173
		else stop_1_190
	goto stop_x12_15_244

stop_x12_15_244:
	fi ((seed = '(one.(nil.(nil.(nil.nil))))) || (seed = '(nil.(nil.(nil.(one.nil))))))
		from stop_x12_13_244
		else stop_x14_15_244
	goto stop_x8_15_244

loop_1_173:
	from loop_1_158
	assert(nums)
	tmp <- '(one.(nil.(nil.(nil.nil))))
	nums <- (tmp . nums)
	n -= '1
	if (n = '0)
		goto stop_1_190
		else loop_1_190

stop_1_190:
	from loop_1_173
	assert(nums)
	n ^= '0
	seed <- '(nil.(nil.(nil.(one.nil))))
	goto stop_x12_13_244

loop_1_190:
	from loop_1_173
	assert(nums)
	tmp <- '(nil.(nil.(nil.(one.nil))))
	nums <- (tmp . nums)
	n -= '1
	if (n = '0)
		goto stop_1_203
		else loop_1_203

stop_1_203:
	from loop_1_190
	assert(nums)
	n ^= '0
	seed <- '(nil.(nil.(one.(nil.nil))))
	goto stop_x14_15_244

stop_x14_15_244:
	fi (seed = '(nil.(nil.(one.(nil.nil)))))
		from stop_1_203
		else stop_1_215
	goto stop_x12_15_244

loop_1_203:
	from loop_1_190
	assert(nums)
	tmp <- '(nil.(nil.(one.(nil.nil))))
	nums <- (tmp . nums)
	n -= '1
	if (n = '0)
		goto stop_1_215
		else loop_1_215

stop_1_215:
	from loop_1_203
	assert(nums)
	n ^= '0
	seed <- '(nil.(one.(nil.(nil.nil))))
	goto stop_x14_15_244

loop_1_215:
	from loop_1_203
	assert(nums)
	tmp <- '(nil.(one.(nil.(nil.nil))))
	nums <- (tmp . nums)
	n -= '1
	if (n = '0)
		goto stop_1_2
		else loop_1_2
