(S_right) -> (S_right) with (S S_left)

init_1:
	entry
	S <- 'BLANK
	assert((S = 'BLANK))
	S ^= 'BLANK
	S ^= 'BLANK
	goto symbol_1_112

symbol_1_112:
	fi (S = 'BLANK)
		from init_1
		else symbol1_1_87
	if ((S_left = 'nil) && (S = 'BLANK))
		goto left_2b_1_27
		else left_2p_1_27

left_2b_1_27:
	from symbol_1_112
	S ^= 'BLANK
	goto left1_1_27

left1_1_27:
	fi (S_left = 'nil)
		from left_2b_1_27
		else left_2p_1_27
	if (S_right = 'nil)
		goto left_1b_1_27
		else left_1p_1_27

left_1b_1_27:
	from left1_1_27
	S ^= 'BLANK
	goto left_1_27

left_1_27:
	fi ((S_right = 'nil) && (S = 'BLANK))
		from left_1b_1_27
		else left_1p_1_27
	if (S = '0)
		goto symbol1_1_34
		else symbol_1_34

symbol1_1_34:
	from left_1_27
	S ^= '0
	S ^= '1
	goto symbol_1_73

symbol_1_73:
	fi (S = '1)
		from symbol1_1_34
		else symbol1_1_54
	goto symbol_1_118

symbol_1_118:
	fi (S = 'BLANK)
		from symbol_1_87
		else symbol_1_73
	if ((S_right = 'nil) && (S = 'BLANK))
		goto right_2b_1_47
		else right_2p_1_47

right_2b_1_47:
	from symbol_1_118
	S ^= 'BLANK
	goto right1_1_47

right1_1_47:
	fi (S_right = 'nil)
		from right_2b_1_47
		else right_2p_1_47
	if (S_left = 'nil)
		goto right_1b_1_47
		else right_1p_1_47

right_1b_1_47:
	from right1_1_47
	S ^= 'BLANK
	goto right_1_47

right_1_47:
	fi ((S_left = 'nil) && (S = 'BLANK))
		from right_1b_1_47
		else right_1p_1_47
	if (S = '0)
		goto symbol1_1_54
		else symbol_1_54

symbol1_1_54:
	from right_1_47
	S ^= '0
	S ^= '0
	assert((S = '0))
	goto symbol_1_73

symbol_1_54:
	from right_1_47
	assert((S = 'BLANK))
	S ^= 'BLANK
	S ^= 'BLANK
	assert((S = 'BLANK))
	S ^= 'BLANK
	exit

right_1p_1_47:
	from right1_1_47
	(S . S_left) <- S_left
	goto right_1_47

right_2p_1_47:
	from symbol_1_118
	S_right <- (S . S_right)
	goto right1_1_47

symbol_1_34:
	from left_1_27
	if (S = '1)
		goto symbol1_1_87
		else symbol_1_87

symbol1_1_87:
	from symbol_1_34
	S ^= '1
	S ^= '0
	assert((S = '0))
	goto symbol_1_112

symbol_1_87:
	from symbol_1_34
	assert((S = 'BLANK))
	S ^= 'BLANK
	S ^= 'BLANK
	goto symbol_1_118

left_1p_1_27:
	from left1_1_27
	(S . S_right) <- S_right
	goto left_1_27

left_2p_1_27:
	from symbol_1_112
	S_left <- (S . S_left)
	goto left1_1_27
