(S_right) -> (S_right) with (S S_left)

init_1:
	entry
	S <- 'BLANK
	assert((S = 'BLANK))
	S ^= 'BLANK
	S ^= 'BLANK
	assert((S = 'BLANK))
	goto write2_1_118

write2_1_118:
	fi (S = '0)
		from write2_1_97
		else init_1
	if ((S_left = 'nil) && (S = 'BLANK))
		goto right_1b_1_18
		else right_1p_1_18

right_1b_1_18:
	from write2_1_118
	S ^= 'BLANK
	goto right1_1_18

right1_1_18:
	fi (S_left = 'nil)
		from right_1b_1_18
		else right_1p_1_18
	if (S_right = 'nil)
		goto right_2b_1_18
		else right_2p_1_18

right_2b_1_18:
	from right1_1_18
	S ^= 'BLANK
	goto right2_1_18

right2_1_18:
	fi ((S_right = 'nil) && (S = 'BLANK))
		from right_2b_1_18
		else right_2p_1_18
	if (S = 'BLANK)
		goto write1_1_23
		else write2_1_23

write1_1_23:
	from right2_1_18
	S ^= 'BLANK
	S ^= 'BLANK
	assert((S = 'BLANK))
	goto write2_1_89

write2_1_89:
	fi (S = '1)
		from write2_1_43
		else write1_1_23
	goto write2_1_99

write2_1_99:
	fi (S = '0)
		from write1_1_97
		else write2_1_89
	if ((S_right = 'nil) && (S = 'BLANK))
		goto left_1b_1_38
		else left_1p_1_38

left_1b_1_38:
	from write2_1_99
	S ^= 'BLANK
	goto left1_1_38

left1_1_38:
	fi (S_right = 'nil)
		from left_1b_1_38
		else left_1p_1_38
	if (S_left = 'nil)
		goto left_2b_1_38
		else left_2p_1_38

left_2b_1_38:
	from left1_1_38
	S ^= 'BLANK
	goto left2_1_38

left2_1_38:
	fi ((S_left = 'nil) && (S = 'BLANK))
		from left_2b_1_38
		else left_2p_1_38
	if (S = 'BLANK)
		goto write1_1_43
		else write2_1_43

write1_1_43:
	from left2_1_38
	S ^= 'BLANK
	S ^= 'BLANK
	assert((S = 'BLANK))
	'BLANK <- S
	exit

write2_1_43:
	from left2_1_38
	assert((S = '0))
	S ^= '0
	S ^= '1
	goto write2_1_89

left_2p_1_38:
	from left1_1_38
	(S . S_left) <- S_left
	goto left2_1_38

left_1p_1_38:
	from write2_1_99
	S_right <- (S . S_right)
	goto left1_1_38

write2_1_23:
	from right2_1_18
	if (S = '1)
		goto write1_1_97
		else write2_1_97

write1_1_97:
	from write2_1_23
	S ^= '1
	S ^= '0
	goto write2_1_99

write2_1_97:
	from write2_1_23
	assert((S = '0))
	S ^= '0
	S ^= '0
	goto write2_1_118

right_2p_1_18:
	from right1_1_18
	(S . S_right) <- S_right
	goto right2_1_18

right_1p_1_18:
	from write2_1_118
	S_left <- (S . S_left)
	goto right1_1_18
