(S_left S S_right) -> (S_left S S_right)

init_9:
	entry
	assert((S = 'BLANK))
	S ^= 'BLANK
	S ^= 'BLANK
	goto act2_1_1

act2_1_1:
	fi (S = 'BLANK)
		from init_9
		else write_1_3
	assert(!((S = 'SLASH)))
	assert(((S_left = 'nil) && (S = 'BLANK)))
	S ^= 'BLANK
	assert((S_left = 'nil))
	if (S_right = 'nil)
		goto right_2b_1_2
		else right_2p_1_2

right_2b_1_2:
	from act2_1_1
	S ^= 'BLANK
	goto right2_1_2

right2_1_2:
	fi ((S_right = 'nil) && (S = 'BLANK))
		from right_2b_1_2
		else right_2p_1_2
	if (S = '0)
		goto write_1_4
		else act2_1_4

write_1_4:
	from right2_1_2
	S ^= '0
	S ^= '1
	goto act2_1_5

act2_1_5:
	fi (S = '1)
		from write_1_4
		else write_1_8
	goto act2_1_6

act2_1_6:
	fi (S = 'BLANK)
		from act2_1_3
		else act2_1_5
	assert(!((S = 'SLASH)))
	assert(((S_right = 'nil) && (S = 'BLANK)))
	S ^= 'BLANK
	assert((S_right = 'nil))
	if (S_left = 'nil)
		goto left_2b_1_7
		else left_2p_1_7

left_2b_1_7:
	from act2_1_6
	S ^= 'BLANK
	goto left2_1_7

left2_1_7:
	fi ((S_left = 'nil) && (S = 'BLANK))
		from left_2b_1_7
		else left_2p_1_7
	if (S = '0)
		goto write_1_8
		else act2_1_8

write_1_8:
	from left2_1_7
	S ^= '0
	S ^= '0
	assert((S = '0))
	goto act2_1_5

act2_1_8:
	from left2_1_7
	assert((S = 'BLANK))
	S ^= 'BLANK
	S ^= 'BLANK
	assert((S = 'BLANK))
	exit

left_2p_1_7:
	from act2_1_6
	(S . S_left) <- S_left
	goto left2_1_7

act2_1_4:
	from right2_1_2
	if (S = '1)
		goto write_1_3
		else act2_1_3

write_1_3:
	from act2_1_4
	S ^= '1
	S ^= '0
	assert((S = '0))
	goto act2_1_1

act2_1_3:
	from act2_1_4
	assert((S = 'BLANK))
	S ^= 'BLANK
	S ^= 'BLANK
	goto act2_1_6

right_2p_1_2:
	from act2_1_1
	(S . S_right) <- S_right
	goto right2_1_2
