(S_right) -> (S_right) with (S S_left)

init_1:
	entry
	S <- 'BLANK
	assert((S = 'BLANK))
	S ^= 'BLANK
	S ^= 'BLANK
	assert((S = 'BLANK))
	goto symbol2_1_131

symbol2_1_131:
	fi (S = '0)
		from symbol2_1_110
		else init_1
	if ((S_left = 'nil) && (S = 'BLANK))
		goto right_1b_1_18
		else right_1p_1_18

right_1b_1_18:
	from symbol2_1_131
	S ^= 'BLANK
	goto right1_1_18

right1_1_18:
	fi (S_left = 'nil)
		from right_1b_1_18
		else right_1p_1_18
	if (S_right = 'nil)
		goto right_2b_1_18
		else right_2p_1_18

right_2b_1_18:
	from right1_1_18
	S ^= 'BLANK
	goto right2_1_18

right2_1_18:
	fi ((S_right = 'nil) && (S = 'BLANK))
		from right_2b_1_18
		else right_2p_1_18
	if (S = 'BLANK)
		goto symbol1_1_23
		else symbol2_1_23

symbol1_1_23:
	from right2_1_18
	S ^= 'BLANK
	S ^= 'BLANK
	assert((S = 'BLANK))
	goto symbol2_1_96

symbol2_1_96:
	fi (S = '2)
		from symbol2_1_46
		else symbol1_1_23
	goto symbol2_1_106

symbol2_1_106:
	fi (S = '1)
		from symbol1_1_104
		else symbol2_1_96
	goto symbol2_1_112

symbol2_1_112:
	fi (S = '0)
		from symbol1_1_110
		else symbol2_1_106
	if ((S_right = 'nil) && (S = 'BLANK))
		goto left_1b_1_41
		else left_1p_1_41

left_1b_1_41:
	from symbol2_1_112
	S ^= 'BLANK
	goto left1_1_41

left1_1_41:
	fi (S_right = 'nil)
		from left_1b_1_41
		else left_1p_1_41
	if (S_left = 'nil)
		goto left_2b_1_41
		else left_2p_1_41

left_2b_1_41:
	from left1_1_41
	S ^= 'BLANK
	goto left2_1_41

left2_1_41:
	fi ((S_left = 'nil) && (S = 'BLANK))
		from left_2b_1_41
		else left_2p_1_41
	if (S = 'BLANK)
		goto symbol1_1_46
		else symbol2_1_46

symbol1_1_46:
	from left2_1_41
	S ^= 'BLANK
	S ^= 'BLANK
	assert((S = 'BLANK))
	S ^= 'BLANK
	exit

symbol2_1_46:
	from left2_1_41
	assert((S = '0))
	S ^= '0
	S ^= '2
	goto symbol2_1_96

left_2p_1_41:
	from left1_1_41
	(S . S_left) <- S_left
	goto left2_1_41

left_1p_1_41:
	from symbol2_1_112
	S_right <- (S . S_right)
	goto left1_1_41

symbol2_1_23:
	from right2_1_18
	if (S = '2)
		goto symbol1_1_104
		else symbol2_1_104

symbol1_1_104:
	from symbol2_1_23
	S ^= '2
	S ^= '1
	goto symbol2_1_106

symbol2_1_104:
	from symbol2_1_23
	if (S = '1)
		goto symbol1_1_110
		else symbol2_1_110

symbol1_1_110:
	from symbol2_1_104
	S ^= '1
	S ^= '0
	goto symbol2_1_112

symbol2_1_110:
	from symbol2_1_104
	assert((S = '0))
	S ^= '0
	S ^= '0
	goto symbol2_1_131

right_2p_1_18:
	from right1_1_18
	(S . S_right) <- S_right
	goto right2_1_18

right_1p_1_18:
	from symbol2_1_131
	S_left <- (S . S_left)
	goto right1_1_18
