(S_right) -> (S_right) with (S S_left)

init_1:
	entry
	S <- 'BLANK
	assert((S = 'BLANK))
	S ^= 'BLANK
	S ^= 'BLANK
	assert((S = 'BLANK))
	goto symbol_1_131

symbol_1_131:
	fi (S = '1)
		from symbol1_1_129
		else init_1
	goto symbol_1_135

symbol_1_135:
	fi (S = '0)
		from symbol_1_129
		else symbol_1_131
	if ((S_left = 'nil) && (S = 'BLANK))
		goto left_2b_1_36
		else left_2p_1_36

left_2b_1_36:
	from symbol_1_135
	S ^= 'BLANK
	goto left1_1_36

left1_1_36:
	fi (S_left = 'nil)
		from left_2b_1_36
		else left_2p_1_36
	if (S_right = 'nil)
		goto left_1b_1_36
		else left_1p_1_36

left_1b_1_36:
	from left1_1_36
	S ^= 'BLANK
	goto left_1_36

left_1_36:
	fi ((S_right = 'nil) && (S = 'BLANK))
		from left_1b_1_36
		else left_1p_1_36
	if (S = 'BLANK)
		goto symbol1_1_43
		else symbol_1_43

symbol1_1_43:
	from left_1_36
	S ^= 'BLANK
	S ^= 'BLANK
	assert((S = 'BLANK))
	goto symbol_1_98

symbol_1_98:
	fi (S = '1)
		from symbol1_1_96
		else symbol1_1_43
	goto symbol_1_102

symbol_1_102:
	fi (S = '0)
		from symbol_1_96
		else symbol_1_98
	if ((S_right = 'nil) && (S = 'BLANK))
		goto right_2b_1_56
		else right_2p_1_56

right_2b_1_56:
	from symbol_1_102
	S ^= 'BLANK
	goto right1_1_56

right1_1_56:
	fi (S_right = 'nil)
		from right_2b_1_56
		else right_2p_1_56
	if (S_left = 'nil)
		goto right_1b_1_56
		else right_1p_1_56

right_1b_1_56:
	from right1_1_56
	S ^= 'BLANK
	goto right_1_56

right_1_56:
	fi ((S_left = 'nil) && (S = 'BLANK))
		from right_1b_1_56
		else right_1p_1_56
	if (S = 'BLANK)
		goto symbol1_1_63
		else symbol_1_63

symbol1_1_63:
	from right_1_56
	S ^= 'BLANK
	S ^= 'BLANK
	assert((S = 'BLANK))
	S ^= 'BLANK
	exit

symbol_1_63:
	from right_1_56
	if (S = '0)
		goto symbol1_1_96
		else symbol_1_96

symbol1_1_96:
	from symbol_1_63
	S ^= '0
	S ^= '1
	goto symbol_1_98

symbol_1_96:
	from symbol_1_63
	assert((S = '1))
	S ^= '1
	S ^= '0
	goto symbol_1_102

right_1p_1_56:
	from right1_1_56
	(S . S_left) <- S_left
	goto right_1_56

right_2p_1_56:
	from symbol_1_102
	S_right <- (S . S_right)
	goto right1_1_56

symbol_1_43:
	from left_1_36
	if (S = '1)
		goto symbol1_1_129
		else symbol_1_129

symbol1_1_129:
	from symbol_1_43
	S ^= '1
	S ^= '1
	goto symbol_1_131

symbol_1_129:
	from symbol_1_43
	assert((S = '0))
	S ^= '0
	S ^= '0
	goto symbol_1_135

left_1p_1_36:
	from left1_1_36
	(S . S_right) <- S_right
	goto left_1_36

left_2p_1_36:
	from symbol_1_135
	S_left <- (S . S_left)
	goto left1_1_36
