(S_right) -> (S_right) with (S S_left)

init_1:
	entry
	S <- 'BLANK
	assert((S = 'BLANK))
	S ^= 'BLANK
	S ^= 'BLANK
	assert((S = 'BLANK))
	if ((S_left = 'nil) && (S = 'BLANK))
		goto left_2b_1_18
		else left_2p_1_18

left_2b_1_18:
	from init_1
	S ^= 'BLANK
	goto left1_1_18

left1_1_18:
	fi (S_left = 'nil)
		from left_2b_1_18
		else left_2p_1_18
	if (S_right = 'nil)
		goto left_1b_1_18
		else left_1p_1_18

left_1b_1_18:
	from left1_1_18
	S ^= 'BLANK
	goto left_1_18

left_1_18:
	fi ((S_right = 'nil) && (S = 'BLANK))
		from left_1b_1_18
		else left_1p_1_18
	assert((S = '1))
	S ^= '1
	S ^= 'BLANK
	assert((S = 'BLANK))
	S ^= 'BLANK
	exit

left_1p_1_18:
	from left1_1_18
	(S . S_right) <- S_right
	goto left_1_18

left_2p_1_18:
	from init_1
	S_left <- (S . S_left)
	goto left1_1_18
